<?xml version="1.0" encoding="UTF-8"?>
<testsuite xmlns:xsi="http://www.w3.org/2001/XMLSchema-instance" xsi:noNamespaceSchemaLocation="https://maven.apache.org/surefire/maven-surefire-plugin/xsd/surefire-test-report.xsd" name="ru.yandex.ApiAutoTest" time="1.992" tests="4" errors="0" skipped="0" failures="2">
  <properties>
[...]
</properties>
  <testcase name="checkUserName" classname="ru.yandex.ApiAutoTest" time="1.814">
    <failure message="1 expectation failed.&#10;JSON path data.name doesn&apos;t match.&#10;Expected: сюда впиши имя пользователя&#10;  Actual: null&#10;" type="java.lang.AssertionError">java.lang.AssertionError: 
1 expectation failed.
JSON path data.name doesn't match.
Expected: сюда впиши имя пользователя
  Actual: null

	at ru.yandex.ApiAutoTest.checkUserName(ApiAutoTest.java:29)
</failure>
  </testcase>
  <testcase name="test1" classname="ru.yandex.ApiAutoTest" time="0"/>
  <testcase name="test2" classname="ru.yandex.ApiAutoTest" time="0"/>
  <testcase name="getMyInfoStatusCode" classname="ru.yandex.ApiAutoTest" time="0.14">
    <failure message="1 expectation failed.&#10;Expected status code &lt;200&gt; but was &lt;401&gt;.&#10;" type="java.lang.AssertionError"><![CDATA[java.lang.AssertionError: 
1 expectation failed.
Expected status code <200> but was <401>.

	at ru.yandex.ApiAutoTest.getMyInfoStatusCode(ApiAutoTest.java:22)
]]></failure>
  </testcase>
</testsuite>